<?xml version="1.0" encoding="UTF-8"?>
<testsuites>
  <testsuite name="" tests="17" assertions="121" errors="0" warnings="0" failures="2" skipped="0" time="0.105081">
    <testsuite name="Unit Tests" tests="17" assertions="121" errors="0" warnings="0" failures="2" skipped="0" time="0.105081">
      <testsuite name="GlobalPayments\Examples\Tests\TransactionReporterIntegrationTest" file="/home/radoslavsheytanov/Документи/PHP Project/card-authentication/tests/TransactionReporterIntegrationTest.php" tests="5" assertions="58" errors="0" warnings="0" failures="1" skipped="0" time="0.075124">
        <testcase name="testRecordAndRetrieveLocalTransactions" class="GlobalPayments\Examples\Tests\TransactionReporterIntegrationTest" classname="GlobalPayments.Examples.Tests.TransactionReporterIntegrationTest" file="/home/radoslavsheytanov/Документи/PHP Project/card-authentication/tests/TransactionReporterIntegrationTest.php" line="40" assertions="16" time="0.016093"/>
        <testcase name="testDateRangeFiltering" class="GlobalPayments\Examples\Tests\TransactionReporterIntegrationTest" classname="GlobalPayments.Examples.Tests.TransactionReporterIntegrationTest" file="/home/radoslavsheytanov/Документи/PHP Project/card-authentication/tests/TransactionReporterIntegrationTest.php" line="147" assertions="9" time="0.012151"/>
        <testcase name="testTransactionLimitHandling" class="GlobalPayments\Examples\Tests\TransactionReporterIntegrationTest" classname="GlobalPayments.Examples.Tests.TransactionReporterIntegrationTest" file="/home/radoslavsheytanov/Документи/PHP Project/card-authentication/tests/TransactionReporterIntegrationTest.php" line="209" assertions="3" time="0.034769">
          <failure type="PHPUnit\Framework\ExpectationFailedException">GlobalPayments\Examples\Tests\TransactionReporterIntegrationTest::testTransactionLimitHandling
Failed asserting that 0 is greater than 0.

/home/radoslavsheytanov/Документи/PHP Project/card-authentication/tests/TransactionReporterIntegrationTest.php:236</failure>
        </testcase>
        <testcase name="testTransactionDataIntegrity" class="GlobalPayments\Examples\Tests\TransactionReporterIntegrationTest" classname="GlobalPayments.Examples.Tests.TransactionReporterIntegrationTest" file="/home/radoslavsheytanov/Документи/PHP Project/card-authentication/tests/TransactionReporterIntegrationTest.php" line="257" assertions="17" time="0.007437"/>
        <testcase name="testDefaultValueHandling" class="GlobalPayments\Examples\Tests\TransactionReporterIntegrationTest" classname="GlobalPayments.Examples.Tests.TransactionReporterIntegrationTest" file="/home/radoslavsheytanov/Документи/PHP Project/card-authentication/tests/TransactionReporterIntegrationTest.php" line="323" assertions="13" time="0.004675"/>
      </testsuite>
      <testsuite name="GlobalPayments\Examples\Tests\TransactionReporterTest" file="/home/radoslavsheytanov/Документи/PHP Project/card-authentication/tests/TransactionReporterTest.php" tests="12" assertions="63" errors="0" warnings="0" failures="1" skipped="0" time="0.029957">
        <testcase name="testFormatTransactionForDashboard" class="GlobalPayments\Examples\Tests\TransactionReporterTest" classname="GlobalPayments.Examples.Tests.TransactionReporterTest" file="/home/radoslavsheytanov/Документи/PHP Project/card-authentication/tests/TransactionReporterTest.php" line="93" assertions="18" time="0.000517"/>
        <testcase name="testFormatTransactionWithVerificationAmount" class="GlobalPayments\Examples\Tests\TransactionReporterTest" classname="GlobalPayments.Examples.Tests.TransactionReporterTest" file="/home/radoslavsheytanov/Документи/PHP Project/card-authentication/tests/TransactionReporterTest.php" line="125" assertions="2" time="0.000137"/>
        <testcase name="testGetTransactionType" class="GlobalPayments\Examples\Tests\TransactionReporterTest" classname="GlobalPayments.Examples.Tests.TransactionReporterTest" file="/home/radoslavsheytanov/Документи/PHP Project/card-authentication/tests/TransactionReporterTest.php" line="138" assertions="6" time="0.000130"/>
        <testcase name="testGetResponseCode" class="GlobalPayments\Examples\Tests\TransactionReporterTest" classname="GlobalPayments.Examples.Tests.TransactionReporterTest" file="/home/radoslavsheytanov/Документи/PHP Project/card-authentication/tests/TransactionReporterTest.php" line="178" assertions="5" time="0.000103"/>
        <testcase name="testGetResponseMessage" class="GlobalPayments\Examples\Tests\TransactionReporterTest" classname="GlobalPayments.Examples.Tests.TransactionReporterTest" file="/home/radoslavsheytanov/Документи/PHP Project/card-authentication/tests/TransactionReporterTest.php" line="223" assertions="4" time="0.000086"/>
        <testcase name="testGetTransactionStatus" class="GlobalPayments\Examples\Tests\TransactionReporterTest" classname="GlobalPayments.Examples.Tests.TransactionReporterTest" file="/home/radoslavsheytanov/Документи/PHP Project/card-authentication/tests/TransactionReporterTest.php" line="256" assertions="7" time="0.000105"/>
        <testcase name="testValidateTransactionAuthenticity" class="GlobalPayments\Examples\Tests\TransactionReporterTest" classname="GlobalPayments.Examples.Tests.TransactionReporterTest" file="/home/radoslavsheytanov/Документи/PHP Project/card-authentication/tests/TransactionReporterTest.php" line="306" assertions="6" time="0.000317"/>
        <testcase name="testRecordTransaction" class="GlobalPayments\Examples\Tests\TransactionReporterTest" classname="GlobalPayments.Examples.Tests.TransactionReporterTest" file="/home/radoslavsheytanov/Документи/PHP Project/card-authentication/tests/TransactionReporterTest.php" line="342" assertions="0" time="0.004032"/>
        <testcase name="testGetLocalTransactions" class="GlobalPayments\Examples\Tests\TransactionReporterTest" classname="GlobalPayments.Examples.Tests.TransactionReporterTest" file="/home/radoslavsheytanov/Документи/PHP Project/card-authentication/tests/TransactionReporterTest.php" line="365" assertions="6" time="0.008763"/>
        <testcase name="testGetLocalTransactionsWithDateFilter" class="GlobalPayments\Examples\Tests\TransactionReporterTest" classname="GlobalPayments.Examples.Tests.TransactionReporterTest" file="/home/radoslavsheytanov/Документи/PHP Project/card-authentication/tests/TransactionReporterTest.php" line="400" assertions="2" time="0.015204">
          <failure type="PHPUnit\Framework\AssertionFailedError">GlobalPayments\Examples\Tests\TransactionReporterTest::testGetLocalTransactionsWithDateFilter
Date-filtered transaction not found. Transaction IDs found: INTEGRITY_TEST, INTEGRITY_TEST, INTEGRITY_TEST, INTEGRITY_TEST, MINIMAL_TEST, TEST123, LOCAL_TEST_001, LIMIT_TEST_001, MINIMAL_TEST, TEST123. Total transactions: 100

/home/radoslavsheytanov/Документи/PHP Project/card-authentication/tests/TransactionReporterTest.php:434</failure>
        </testcase>
        <testcase name="testTimestampHandling" class="GlobalPayments\Examples\Tests\TransactionReporterTest" classname="GlobalPayments.Examples.Tests.TransactionReporterTest" file="/home/radoslavsheytanov/Документи/PHP Project/card-authentication/tests/TransactionReporterTest.php" line="445" assertions="4" time="0.000327"/>
        <testcase name="testCardDataHandling" class="GlobalPayments\Examples\Tests\TransactionReporterTest" classname="GlobalPayments.Examples.Tests.TransactionReporterTest" file="/home/radoslavsheytanov/Документи/PHP Project/card-authentication/tests/TransactionReporterTest.php" line="484" assertions="3" time="0.000235"/>
      </testsuite>
    </testsuite>
  </testsuite>
</testsuites>
